c:\users\enes\desktop\game_development\5_proje\consoleapplıcatıon8\debug\vc140.pdb
c:\users\enes\desktop\game_development\5_proje\consoleapplıcatıon8\debug\vc140.ıdb
c:\users\enes\desktop\game_development\5_proje\consoleapplıcatıon8\debug\game.obj
c:\users\enes\desktop\game_development\5_proje\consoleapplıcatıon8\debug\source.obj
c:\users\enes\desktop\game_development\5_proje - kopya\consoleapplıcatıon8\debug\vc140.pdb
c:\users\enes\desktop\game_development\5_proje - kopya\consoleapplıcatıon8\debug\vc140.ıdb
c:\users\enes\desktop\game_development\5_proje - kopya\consoleapplıcatıon8\debug\source.obj
c:\users\enes\desktop\game_development\5_proje - kopya\consoleapplıcatıon8\debug\game.obj
c:\users\enes\desktop\game_development\5_proje - kopya\consoleapplıcatıon8\debug\text.obj
c:\users\enes\desktop\game_development\5_proje - kopya\consoleapplıcatıon8\debug\cırcle.obj
c:\users\enes\desktop\game_development\5_proje\debug\consoleapplıcatıon8.ılk
c:\users\enes\desktop\game_development\5_proje\debug\consoleapplıcatıon8.exe
c:\users\enes\desktop\game_development\5_proje\debug\consoleapplıcatıon8.pdb
c:\users\enes\desktop\game_development\5_proje - kopya\consoleapplication8\debug\circle.obj
c:\users\enes\desktop\game_development\5_proje - kopya\consoleapplication8\debug\game.obj
c:\users\enes\desktop\game_development\5_proje - kopya\consoleapplication8\debug\source.obj
c:\users\enes\desktop\game_development\5_proje - kopya\consoleapplication8\debug\text.obj
c:\users\enes\desktop\game_development\5_proje - kopya\consoleapplication8\debug\vc140.idb
c:\users\enes\desktop\game_development\5_proje - kopya\consoleapplication8\debug\vc140.pdb
c:\users\enes\desktop\game_development\5_proje - kopya\debug\consoleapplication8.pdb
c:\users\enes\desktop\game_development\5_proje - kopya\debug\consoleapplication8.exe
c:\users\enes\desktop\game_development\5_proje - kopya\consoleapplication8\debug\consolea.23d92f51.tlog\cl.command.1.tlog
c:\users\enes\desktop\game_development\5_proje - kopya\consoleapplication8\debug\consolea.23d92f51.tlog\cl.read.1.tlog
c:\users\enes\desktop\game_development\5_proje - kopya\consoleapplication8\debug\consolea.23d92f51.tlog\cl.write.1.tlog
c:\users\enes\desktop\game_development\5_proje - kopya\consoleapplication8\debug\consolea.23d92f51.tlog\link.16752.read.1.tlog
c:\users\enes\desktop\game_development\5_proje - kopya\consoleapplication8\debug\consolea.23d92f51.tlog\link.16752.write.1.tlog
c:\users\enes\desktop\game_development\5_proje - kopya\consoleapplication8\debug\consolea.23d92f51.tlog\link.command.1.tlog
c:\users\enes\desktop\game_development\5_proje - kopya\consoleapplication8\debug\consolea.23d92f51.tlog\link.read.1.tlog
c:\users\enes\desktop\game_development\5_proje - kopya\consoleapplication8\debug\consolea.23d92f51.tlog\link.write.1.tlog
